2017-09-19 15:37:20,424 ERROR 16594 [-/::1/-/11ms GET /] nodejs.AssertionError [ERR_ASSERTION]: Can't find dist/index.html from 
    at Map.resolve (/Users/caigehui/Documents/ezz-example/node_modules/egg-view/lib/view_manager.js:74:5)
    at resolve.next (<anonymous>)
    at onFulfilled (/Users/caigehui/Documents/ezz-example/node_modules/co/index.js:65:19)
    at <anonymous>
    at process._tickCallback (internal/process/next_tick.js:188:7)
generatedMessage: false
name: 'AssertionError [ERR_ASSERTION]'
code: 'ERR_ASSERTION'
actual: undefined
expected: true
operator: '=='
pid: 16594
hostname: Mac-mini.local

2017-09-19 15:44:29,186 ERROR 16780 [-/::1/-/13ms GET /] nodejs.AssertionError [ERR_ASSERTION]: Can't find viewEngine for /Users/caigehui/Documents/ezz-example/app/view/dist/index.html
    at ContextView.[contextView#render] (/Users/caigehui/Documents/ezz-example/node_modules/egg-view/lib/context_view.js:71:5)
    at options.next (<anonymous>)
    at onFulfilled (/Users/caigehui/Documents/ezz-example/node_modules/co/index.js:65:19)
    at <anonymous>
generatedMessage: false
name: 'AssertionError [ERR_ASSERTION]'
code: 'ERR_ASSERTION'
actual: ''
expected: true
operator: '=='
pid: 16780
hostname: Mac-mini.local

2017-09-19 15:45:26,904 ERROR 16839 [-/::1/-/11ms GET /] nodejs.AssertionError [ERR_ASSERTION]: Can't find viewEngine for /Users/caigehui/Documents/ezz-example/app/view/dist/index.html
    at ContextView.[contextView#render] (/Users/caigehui/Documents/ezz-example/node_modules/egg-view/lib/context_view.js:71:5)
    at options.next (<anonymous>)
    at onFulfilled (/Users/caigehui/Documents/ezz-example/node_modules/co/index.js:65:19)
    at <anonymous>
generatedMessage: false
name: 'AssertionError [ERR_ASSERTION]'
code: 'ERR_ASSERTION'
actual: ''
expected: true
operator: '=='
pid: 16839
hostname: Mac-mini.local

2017-09-19 16:02:59,384 ERROR 17325 [-/::1/-/3ms GET /] nodejs.AssertionError [ERR_ASSERTION]: Can't find dist/index.html from /Users/caigehui/Documents/ezz-example/app/view
    at Map.resolve (/Users/caigehui/Documents/ezz-example/node_modules/egg-view/lib/view_manager.js:74:5)
    at resolve.next (<anonymous>)
    at onFulfilled (/Users/caigehui/Documents/ezz-example/node_modules/co/index.js:65:19)
    at <anonymous>
generatedMessage: false
name: 'AssertionError [ERR_ASSERTION]'
code: 'ERR_ASSERTION'
actual: undefined
expected: true
operator: '=='
pid: 17325
hostname: Mac-mini.local

2017-09-20 08:52:14,544 ERROR 1541 [-/127.0.0.1/-/6ms GET /] nodejs.ReferenceError: ctx is not defined
    at HomeController.index (/Users/caigehui/Documents/ezz-example/app/controller/home.js:6:13)
    at index.next (<anonymous>)
    at onFulfilled (/Users/caigehui/Documents/ezz-example/node_modules/co/index.js:65:19)
    at /Users/caigehui/Documents/ezz-example/node_modules/co/index.js:54:5
    at Promise (<anonymous>)
    at Object.co (/Users/caigehui/Documents/ezz-example/node_modules/co/index.js:50:10)
    at Object.toPromise (/Users/caigehui/Documents/ezz-example/node_modules/co/index.js:118:63)
    at next (/Users/caigehui/Documents/ezz-example/node_modules/co/index.js:99:29)
    at onFulfilled (/Users/caigehui/Documents/ezz-example/node_modules/co/index.js:69:7)
    at /Users/caigehui/Documents/ezz-example/node_modules/co/index.js:54:5

pid: 1541
hostname: Mac-mini.local

2017-09-20 08:52:54,124 ERROR 1730 [-/127.0.0.1/-/14ms GET /] nodejs.ReferenceError: ctx is not defined
    at HomeController.index (/Users/caigehui/Documents/ezz-example/app/controller/home.js:6:35)
    at index.next (<anonymous>)
    at onFulfilled (/Users/caigehui/Documents/ezz-example/node_modules/co/index.js:65:19)
    at /Users/caigehui/Documents/ezz-example/node_modules/co/index.js:54:5
    at Promise (<anonymous>)
    at Object.co (/Users/caigehui/Documents/ezz-example/node_modules/co/index.js:50:10)
    at Object.toPromise (/Users/caigehui/Documents/ezz-example/node_modules/co/index.js:118:63)
    at next (/Users/caigehui/Documents/ezz-example/node_modules/co/index.js:99:29)
    at onFulfilled (/Users/caigehui/Documents/ezz-example/node_modules/co/index.js:69:7)
    at /Users/caigehui/Documents/ezz-example/node_modules/co/index.js:54:5

pid: 1730
hostname: Mac-mini.local

2017-09-20 08:53:50,826 ERROR 1730 [-/127.0.0.1/-/4ms GET /] nodejs.ReferenceError: ctx is not defined
    at HomeController.index (/Users/caigehui/Documents/ezz-example/app/controller/home.js:6:35)
    at index.next (<anonymous>)
    at onFulfilled (/Users/caigehui/Documents/ezz-example/node_modules/co/index.js:65:19)
    at /Users/caigehui/Documents/ezz-example/node_modules/co/index.js:54:5
    at Promise (<anonymous>)
    at Object.co (/Users/caigehui/Documents/ezz-example/node_modules/co/index.js:50:10)
    at Object.toPromise (/Users/caigehui/Documents/ezz-example/node_modules/co/index.js:118:63)
    at next (/Users/caigehui/Documents/ezz-example/node_modules/co/index.js:99:29)
    at onFulfilled (/Users/caigehui/Documents/ezz-example/node_modules/co/index.js:69:7)
    at /Users/caigehui/Documents/ezz-example/node_modules/co/index.js:54:5

pid: 1730
hostname: Mac-mini.local

2017-09-20 08:54:23,011 ERROR 1787 [-/127.0.0.1/-/29ms GET /] nodejs.AssertionError [ERR_ASSERTION]: Can't find public/index.html from /Users/caigehui/Documents/ezz-example/app/view
    at Map.resolve (/Users/caigehui/Documents/ezz-example/node_modules/egg-view/lib/view_manager.js:74:5)
    at resolve.next (<anonymous>)
    at onFulfilled (/Users/caigehui/Documents/ezz-example/node_modules/co/index.js:65:19)
    at <anonymous>
generatedMessage: false
name: 'AssertionError [ERR_ASSERTION]'
code: 'ERR_ASSERTION'
actual: undefined
expected: true
operator: '=='
pid: 1787
hostname: Mac-mini.local

2017-09-26 08:45:31,587 ERROR 1315 [-/::1/-/9ms GET /] nodejs.ReferenceError: fs is not defined
    at HomeController.index (/Users/caigehui/Documents/ezz-example/app/controller/home.js:10:23)
    at index.next (<anonymous>)
    at onFulfilled (/Users/caigehui/Documents/ezz-example/node_modules/co/index.js:65:19)
    at /Users/caigehui/Documents/ezz-example/node_modules/co/index.js:54:5
    at Promise (<anonymous>)
    at Object.co (/Users/caigehui/Documents/ezz-example/node_modules/co/index.js:50:10)
    at Object.toPromise (/Users/caigehui/Documents/ezz-example/node_modules/co/index.js:118:63)
    at next (/Users/caigehui/Documents/ezz-example/node_modules/co/index.js:99:29)
    at onFulfilled (/Users/caigehui/Documents/ezz-example/node_modules/co/index.js:69:7)
    at /Users/caigehui/Documents/ezz-example/node_modules/co/index.js:54:5

pid: 1315
hostname: Mac-mini.local

2017-09-26 08:47:39,115 ERROR 1397 [-/::1/-/10ms GET /] nodejs.AssertionError [ERR_ASSERTION]: Can't find index.html from /Users/caigehui/Documents/ezz-example/app/view
    at Map.resolve (/Users/caigehui/Documents/ezz-example/node_modules/egg-view/lib/view_manager.js:74:5)
    at resolve.next (<anonymous>)
    at onFulfilled (/Users/caigehui/Documents/ezz-example/node_modules/co/index.js:65:19)
    at <anonymous>
generatedMessage: false
name: 'AssertionError [ERR_ASSERTION]'
code: 'ERR_ASSERTION'
actual: undefined
expected: true
operator: '=='
pid: 1397
hostname: Mac-mini.local

2017-09-26 11:04:06,198 ERROR 3783 [-/::1/-/232ms PUT /api/apiTest/hhhhh] nodejs.TypeError: Cannot read property 'length' of undefined
    at sjcl.cipher.aes (/Users/caigehui/Documents/ezz-example/node_modules/sjcl/sjcl.js:2:97)
    at Object.ia (/Users/caigehui/Documents/ezz-example/node_modules/sjcl/sjcl.js:55:467)
    at Object.decrypt (/Users/caigehui/Documents/ezz-example/node_modules/sjcl/sjcl.js:56:300)
    at ApiTestController.update (/Users/caigehui/Documents/ezz-example/app/controller/apiTest.js:12:31)
    at update.next (<anonymous>)
    at onFulfilled (/Users/caigehui/Documents/ezz-example/node_modules/co/index.js:65:19)
    at /Users/caigehui/Documents/ezz-example/node_modules/co/index.js:54:5
    at Promise (<anonymous>)
    at Object.co (/Users/caigehui/Documents/ezz-example/node_modules/co/index.js:50:10)
    at Object.toPromise (/Users/caigehui/Documents/ezz-example/node_modules/co/index.js:118:63)

pid: 3783
hostname: Mac-mini.local

2017-09-26 14:39:39,411 ERROR 8337 [-/::1/-/9ms GET /api/apsiTest/hhhhh] nodejs.ReferenceError: Must call super constructor in derived class before accessing 'this' or returning from derived constructor
    at NomatchController (/Users/caigehui/Documents/ezz-example/app/controller/nomatch.js:6:9)
    at Object.classControllerMiddleware (/Users/caigehui/Documents/ezz-example/node_modules/egg-core/lib/loader/mixin/controller.js:76:26)
    at classControllerMiddleware.next (<anonymous>)
    at Object.dispatch (/Users/caigehui/Documents/ezz-example/node_modules/egg-core/node_modules/koa-router/lib/router.js:334:12)
    at dispatch.next (<anonymous>)
    at onFulfilled (/Users/caigehui/Documents/ezz-example/node_modules/co/index.js:65:19)
    at /Users/caigehui/Documents/ezz-example/node_modules/co/index.js:54:5
    at Promise (<anonymous>)
    at Object.co (/Users/caigehui/Documents/ezz-example/node_modules/co/index.js:50:10)
    at Object.toPromise (/Users/caigehui/Documents/ezz-example/node_modules/co/index.js:118:63)

pid: 8337
hostname: Mac-mini.local

2017-09-26 14:43:59,565 ERROR 8474 [-/::1/-/10ms GET /api/apsiTest/hhhhh] nodejs.TypeError: Cannot set property 'status' of undefined
    at NomatchController (/Users/caigehui/Documents/ezz-example/app/controller/nomatch.js:6:26)
    at Object.classControllerMiddleware (/Users/caigehui/Documents/ezz-example/node_modules/egg-core/lib/loader/mixin/controller.js:76:26)
    at classControllerMiddleware.next (<anonymous>)
    at Object.dispatch (/Users/caigehui/Documents/ezz-example/node_modules/egg-core/node_modules/koa-router/lib/router.js:334:12)
    at dispatch.next (<anonymous>)
    at onFulfilled (/Users/caigehui/Documents/ezz-example/node_modules/co/index.js:65:19)
    at /Users/caigehui/Documents/ezz-example/node_modules/co/index.js:54:5
    at Promise (<anonymous>)
    at Object.co (/Users/caigehui/Documents/ezz-example/node_modules/co/index.js:50:10)
    at Object.toPromise (/Users/caigehui/Documents/ezz-example/node_modules/co/index.js:118:63)

pid: 8474
hostname: Mac-mini.local

2017-09-26 14:44:16,947 ERROR 8493 [-/::1/-/22ms GET /api/apsiTest/hhhhh] nodejs.TypeError: Cannot set property 'status' of undefined
    at NomatchController (/Users/caigehui/Documents/ezz-example/app/controller/nomatch.js:7:26)
    at Object.classControllerMiddleware (/Users/caigehui/Documents/ezz-example/node_modules/egg-core/lib/loader/mixin/controller.js:76:26)
    at classControllerMiddleware.next (<anonymous>)
    at Object.dispatch (/Users/caigehui/Documents/ezz-example/node_modules/egg-core/node_modules/koa-router/lib/router.js:334:12)
    at dispatch.next (<anonymous>)
    at onFulfilled (/Users/caigehui/Documents/ezz-example/node_modules/co/index.js:65:19)
    at /Users/caigehui/Documents/ezz-example/node_modules/co/index.js:54:5
    at Promise (<anonymous>)
    at Object.co (/Users/caigehui/Documents/ezz-example/node_modules/co/index.js:50:10)
    at Object.toPromise (/Users/caigehui/Documents/ezz-example/node_modules/co/index.js:118:63)

pid: 8493
hostname: Mac-mini.local

2017-09-26 14:51:17,983 ERROR 8662 [-/::1/-/133ms GET /api/apiTest/hhhhh] nodejs.Error: json decode: this isn't json!
    at Object.app.context.onerror (/Users/caigehui/Documents/ezz-example/node_modules/koa-onerror/index.js:36:24)
    at <anonymous>
    at process._tickCallback (internal/process/next_tick.js:188:7)

pid: 8662
hostname: Mac-mini.local

2017-09-26 14:51:43,046 ERROR 8662 [-/::1/-/1ms GET /api/apiTest/hhhhh] nodejs.Error: json decode: this isn't json!
    at Object.app.context.onerror (/Users/caigehui/Documents/ezz-example/node_modules/koa-onerror/index.js:36:24)
    at <anonymous>
    at process._tickCallback (internal/process/next_tick.js:188:7)

pid: 8662
hostname: Mac-mini.local

2017-09-26 15:00:42,908 ERROR 8982 [-/::1/-/166ms GET /api/apiTest/hhhhh] invalid {
  toString: [Function],
  message: 'json decode: this isn\'t json!' }
2017-09-26 16:55:08,449 ERROR 12275 [-/::1/-/7ms POST /api/login] nodejs.ReferenceError: ctx is not defined
    at LoginController.index (/Users/caigehui/Documents/ezz-example/app/controller/login.js:8:40)
    at index.next (<anonymous>)
    at onFulfilled (/Users/caigehui/Documents/ezz-example/node_modules/co/index.js:65:19)
    at /Users/caigehui/Documents/ezz-example/node_modules/co/index.js:54:5
    at Promise (<anonymous>)
    at Object.co (/Users/caigehui/Documents/ezz-example/node_modules/co/index.js:50:10)
    at Object.toPromise (/Users/caigehui/Documents/ezz-example/node_modules/co/index.js:118:63)
    at next (/Users/caigehui/Documents/ezz-example/node_modules/co/index.js:99:29)
    at onFulfilled (/Users/caigehui/Documents/ezz-example/node_modules/co/index.js:69:7)
    at /Users/caigehui/Documents/ezz-example/node_modules/co/index.js:54:5
    at Promise (<anonymous>)
    at Object.co (/Users/caigehui/Documents/ezz-example/node_modules/co/index.js:50:10)
    at Object.toPromise (/Users/caigehui/Documents/ezz-example/node_modules/co/index.js:118:63)
    at next (/Users/caigehui/Documents/ezz-example/node_modules/co/index.js:99:29)
    at onFulfilled (/Users/caigehui/Documents/ezz-example/node_modules/co/index.js:69:7)
    at /Users/caigehui/Documents/ezz-example/node_modules/co/index.js:54:5

pid: 12275
hostname: Mac-mini.local

2017-09-26 17:44:12,180 ERROR 13557 [-/::1/-/53ms POST /api/login] nodejs.ReferenceError: ctx is not defined
    at LoginController.index (/Users/caigehui/Documents/ezz-example/app/controller/login.js:9:9)
    at index.next (<anonymous>)
    at onFulfilled (/Users/caigehui/Documents/ezz-example/node_modules/co/index.js:65:19)
    at <anonymous>
    at process._tickCallback (internal/process/next_tick.js:188:7)

pid: 13557
hostname: Mac-mini.local

